<?xml version="1.0" encoding="utf-8"?><testsuites name="pytest tests"><testsuite name="pytest" errors="0" failures="0" skipped="0" tests="25" time="1.412" timestamp="2026-07-15T08:39:13.996623-05:00" hostname="debian"><testcase classname="tests.test_sensorium_file_build_crystal_experiment" name="test_transform_is_byte_exact_and_rejects_symlink_source" time="0.002" /><testcase classname="tests.test_sensorium_file_build_crystal_experiment" name="test_file_build_crystal_is_naturally_generalized_promoted_and_executed" time="0.039" /><testcase classname="tests.test_sensorium_file_build_crystal_experiment" name="test_persisted_live_receipt_is_content_bound_when_present" time="0.000" /><testcase classname="tests.test_production_crystal_mission_path" name="test_real_http_mission_traverses_production_root_without_fixture_runtime" time="0.042" /><testcase classname="tests.test_production_crystal_hostile_matrix" name="test_repeated_eligible_recurrences_get_distinct_one_use_authority" time="0.036" /><testcase classname="tests.test_production_crystal_hostile_matrix" name="test_malformed_input_stale_appraisal_and_expired_promotion_refuse" time="0.035" /><testcase classname="tests.test_production_crystal_hostile_matrix" name="test_missing_handler_catalog_drift_and_verifier_failure_refuse" time="0.036" /><testcase classname="tests.test_production_crystal_hostile_matrix" name="test_reused_capability_and_workspace_identity_drift_refuse" time="0.020" /><testcase classname="tests.test_production_crystal_hostile_matrix" name="test_simultaneous_crystals_refuse_and_no_match_uses_governed_fallback" time="0.034" /><testcase classname="tests.test_milestone11_uplift" name="test_uplift_packet_is_fail_closed_on_provider_independence" time="0.029" /><testcase classname="tests.test_milestone11_uplift" name="test_distinct_runtime_families_close_only_runtime_gate" time="0.040" /><testcase classname="tests.test_milestone11_cross_runtime" name="test_cross_runtime_gate_requires_and_accepts_two_real_identity_families" time="0.050" /><testcase classname="tests.test_scientific_uplift_experiment" name="test_exact_mcnemar_and_crystal_negative_applicability" time="0.000" /><testcase classname="tests.test_scientific_uplift_experiment" name="test_scientific_receipt_feeds_mandatory_promotion_gate" time="0.001" /><testcase classname="tests.test_typed_crystal_ir" name="test_generalized_candidate_compiles_to_reviewed_typed_ir" time="0.007" /><testcase classname="tests.test_typed_crystal_ir" name="test_unreviewed_operation_cannot_compile" time="0.003" /><testcase classname="tests.test_typed_crystal_ir" name="test_typed_ir_detects_opcode_contract_and_catalog_drift" time="0.004" /><testcase classname="tests.test_typed_crystal_ir" name="test_bounded_opcode_requires_rollback_and_capability_lease" time="0.005" /><testcase classname="tests.test_typed_crystal_ir" name="test_opcode_registry_rejects_duplicates_and_has_no_code_payload" time="0.000" /><testcase classname="tests.test_typed_crystal_interpreter" name="test_promoted_later_recurrence_executes_locally_with_zero_provider_calls" time="0.121" /><testcase classname="tests.test_typed_crystal_interpreter" name="test_physical_drift_after_authorization_aborts_before_handlers" time="0.060" /><testcase classname="tests.test_typed_crystal_interpreter" name="test_tampered_authorization_cannot_reach_interpreter" time="0.062" /><testcase classname="tests.test_typed_crystal_interpreter" name="test_provider_call_during_execution_prevents_displacement_claim" time="0.197" /><testcase classname="tests.test_sensorium_disk_cleanup_experiment" name="test_disk_cleanup_is_learned_and_replay_passes_but_production_fails_closed" time="0.026" /><testcase classname="tests.test_isolated_disk_cleanup" name="test_native_cleanup_worker_compiles_and_manifest_is_descriptor_format" time="0.174" /></testsuite></testsuites>